LearnSphereWebTemplateNew/android/app/build/intermediates/manifest_merge_blame_file/debug/processDebugMainManifest/manifest-merger-blame-debug-report.txt
1<?xml version="1.0" encoding="utf-8"?>
2<manifest xmlns:android="http://schemas.android.com/apk/res/android"
3    package="com.example.learnSphere"
4    android:versionCode="1"
5    android:versionName="1.0.0" >
6
7    <uses-sdk
8        android:minSdkVersion="23"
9        android:targetSdkVersion="34" />
10    <!--
11         Flutter needs it to communicate with the running application
12         to allow setting breakpoints, to provide hot reload, etc.
13    -->
14    <uses-permission android:name="android.permission.INTERNET" />
14-->src\debug\AndroidManifest.xml:6:5-66
14-->src\debug\AndroidManifest.xml:6:22-64
15    <uses-permission
15-->src\main\AndroidManifest.xml:3:5-79
16        android:name="android.permission.READ_EXTERNAL_STORAGE"
16-->src\main\AndroidManifest.xml:3:22-77
17        android:maxSdkVersion="32" />
17-->[:file_picker] AndroidManifest.xml:9:9-35
18    <uses-permission android:name="android.permission.WRITE_EXTERNAL_STORAGE" />
18-->src\main\AndroidManifest.xml:4:5-80
18-->src\main\AndroidManifest.xml:4:22-78
19
20    <queries>
20-->[:file_picker] AndroidManifest.xml:11:5-17:15
21        <intent>
21-->[:file_picker] AndroidManifest.xml:12:9-16:18
22            <action android:name="android.intent.action.GET_CONTENT" />
22-->[:file_picker] AndroidManifest.xml:13:13-72
22-->[:file_picker] AndroidManifest.xml:13:21-69
23
24            <data android:mimeType="*/*" />
24-->[:file_picker] AndroidManifest.xml:15:13-44
24-->[:file_picker] AndroidManifest.xml:15:19-41
25        </intent>
26    </queries>
27
28    <uses-permission android:name="android.permission.ACCESS_NETWORK_STATE" />
28-->[com.google.firebase:firebase-auth:23.0.0] AndroidManifest.xml:26:5-79
28-->[com.google.firebase:firebase-auth:23.0.0] AndroidManifest.xml:26:22-76
29    <uses-permission android:name="com.google.android.providers.gsf.permission.READ_GSERVICES" />
29-->[com.google.android.recaptcha:recaptcha:18.4.0] AndroidManifest.xml:9:5-98
29-->[com.google.android.recaptcha:recaptcha:18.4.0] AndroidManifest.xml:9:22-95
30
31    <permission
31-->[androidx.core:core:1.13.1] AndroidManifest.xml:22:5-24:47
32        android:name="com.example.learnSphere.DYNAMIC_RECEIVER_NOT_EXPORTED_PERMISSION"
32-->[androidx.core:core:1.13.1] AndroidManifest.xml:23:9-81
33        android:protectionLevel="signature" />
33-->[androidx.core:core:1.13.1] AndroidManifest.xml:24:9-44
34
35    <uses-permission android:name="com.example.learnSphere.DYNAMIC_RECEIVER_NOT_EXPORTED_PERMISSION" />
35-->[androidx.core:core:1.13.1] AndroidManifest.xml:26:5-97
35-->[androidx.core:core:1.13.1] AndroidManifest.xml:26:22-94
36
37    <application
37-->src\main\AndroidManifest.xml:6:4-44:19
38        android:appComponentFactory="androidx.core.app.CoreComponentFactory"
38-->[androidx.core:core:1.13.1] AndroidManifest.xml:28:18-86
39        android:debuggable="true"
40        android:extractNativeLibs="false"
41        android:icon="@mipmap/ic_launcher"
41-->src\main\AndroidManifest.xml:8:9-43
42        android:label="learnsphere" >
42-->src\main\AndroidManifest.xml:7:9-36
43        <activity
43-->src\main\AndroidManifest.xml:9:9-38:20
44            android:name="com.example.learnSphere.MainActivity"
44-->src\main\AndroidManifest.xml:10:13-41
45            android:configChanges="orientation|keyboardHidden|keyboard|screenSize|smallestScreenSize|locale|layoutDirection|fontScale|screenLayout|density|uiMode"
45-->src\main\AndroidManifest.xml:14:13-163
46            android:exported="true"
46-->src\main\AndroidManifest.xml:11:13-36
47            android:hardwareAccelerated="true"
47-->src\main\AndroidManifest.xml:15:13-47
48            android:launchMode="singleTop"
48-->src\main\AndroidManifest.xml:12:13-43
49            android:theme="@style/LaunchTheme"
49-->src\main\AndroidManifest.xml:13:13-47
50            android:windowSoftInputMode="adjustResize" >
50-->src\main\AndroidManifest.xml:16:13-55
51
52            <!--
53                 Specifies an Android theme to apply to this Activity as soon as
54                 the Android process has started. This theme is visible to the user
55                 while the Flutter UI initializes. After that, this theme continues
56                 to determine the Window background behind the Flutter UI.
57            -->
58            <meta-data
58-->src\main\AndroidManifest.xml:21:13-24:17
59                android:name="io.flutter.embedding.android.NormalTheme"
59-->src\main\AndroidManifest.xml:22:15-70
60                android:resource="@style/NormalTheme" />
60-->src\main\AndroidManifest.xml:23:15-52
61            <!--
62                 Displays an Android View that continues showing the launch screen
63                 Drawable until Flutter paints its first frame, then this splash
64                 screen fades out. A splash screen is useful to avoid any visual
65                 gap between the end of Android's launch screen and the painting of
66                 Flutter's first frame.
67            -->
68            <meta-data
68-->src\main\AndroidManifest.xml:30:13-33:17
69                android:name="io.flutter.embedding.android.SplashScreenDrawable"
69-->src\main\AndroidManifest.xml:31:15-79
70                android:resource="@drawable/launch_background" />
70-->src\main\AndroidManifest.xml:32:15-61
71
72            <intent-filter>
72-->src\main\AndroidManifest.xml:34:13-37:29
73                <action android:name="android.intent.action.MAIN" />
73-->src\main\AndroidManifest.xml:35:17-68
73-->src\main\AndroidManifest.xml:35:25-66
74
75                <category android:name="android.intent.category.LAUNCHER" />
75-->src\main\AndroidManifest.xml:36:17-76
75-->src\main\AndroidManifest.xml:36:27-74
76            </intent-filter>
77        </activity>
78        <!--
79             Don't delete the meta-data below.
80             This is used by the Flutter tool to generate GeneratedPluginRegistrant.java
81        -->
82        <meta-data
82-->src\main\AndroidManifest.xml:41:9-43:33
83            android:name="flutterEmbedding"
83-->src\main\AndroidManifest.xml:42:13-44
84            android:value="2" />
84-->src\main\AndroidManifest.xml:43:13-30
85
86        <service
86-->[:cloud_firestore] AndroidManifest.xml:8:9-12:19
87            android:name="com.google.firebase.components.ComponentDiscoveryService"
87-->[:cloud_firestore] AndroidManifest.xml:8:18-89
88            android:directBootAware="true"
88-->[com.google.firebase:firebase-common:21.0.0] AndroidManifest.xml:32:13-43
89            android:exported="false" >
89-->[com.google.firebase:firebase-auth:23.0.0] AndroidManifest.xml:68:13-37
90            <meta-data
90-->[:cloud_firestore] AndroidManifest.xml:9:13-11:85
91                android:name="com.google.firebase.components:io.flutter.plugins.firebase.firestore.FlutterFirebaseFirestoreRegistrar"
91-->[:cloud_firestore] AndroidManifest.xml:10:17-134
92                android:value="com.google.firebase.components.ComponentRegistrar" />
92-->[:cloud_firestore] AndroidManifest.xml:11:17-82
93            <meta-data
93-->[:firebase_auth] AndroidManifest.xml:9:13-11:85
94                android:name="com.google.firebase.components:io.flutter.plugins.firebase.auth.FlutterFirebaseAuthRegistrar"
94-->[:firebase_auth] AndroidManifest.xml:10:17-124
95                android:value="com.google.firebase.components.ComponentRegistrar" />
95-->[:firebase_auth] AndroidManifest.xml:11:17-82
96            <meta-data
96-->[:firebase_storage] AndroidManifest.xml:9:13-11:85
97                android:name="com.google.firebase.components:io.flutter.plugins.firebase.storage.FlutterFirebaseAppRegistrar"
97-->[:firebase_storage] AndroidManifest.xml:10:17-126
98                android:value="com.google.firebase.components.ComponentRegistrar" />
98-->[:firebase_storage] AndroidManifest.xml:11:17-82
99            <meta-data
99-->[:firebase_core] AndroidManifest.xml:9:13-11:85
100                android:name="com.google.firebase.components:io.flutter.plugins.firebase.core.FlutterFirebaseCoreRegistrar"
100-->[:firebase_core] AndroidManifest.xml:10:17-124
101                android:value="com.google.firebase.components.ComponentRegistrar" />
101-->[:firebase_core] AndroidManifest.xml:11:17-82
102            <meta-data
102-->[com.google.firebase:firebase-auth:23.0.0] AndroidManifest.xml:69:13-71:85
103                android:name="com.google.firebase.components:com.google.firebase.auth.FirebaseAuthRegistrar"
103-->[com.google.firebase:firebase-auth:23.0.0] AndroidManifest.xml:70:17-109
104                android:value="com.google.firebase.components.ComponentRegistrar" />
104-->[com.google.firebase:firebase-auth:23.0.0] AndroidManifest.xml:71:17-82
105            <meta-data
105-->[com.google.firebase:firebase-firestore:25.0.0] AndroidManifest.xml:17:13-19:85
106                android:name="com.google.firebase.components:com.google.firebase.firestore.FirebaseFirestoreKtxRegistrar"
106-->[com.google.firebase:firebase-firestore:25.0.0] AndroidManifest.xml:18:17-122
107                android:value="com.google.firebase.components.ComponentRegistrar" />
107-->[com.google.firebase:firebase-firestore:25.0.0] AndroidManifest.xml:19:17-82
108            <meta-data
108-->[com.google.firebase:firebase-firestore:25.0.0] AndroidManifest.xml:20:13-22:85
109                android:name="com.google.firebase.components:com.google.firebase.firestore.FirestoreRegistrar"
109-->[com.google.firebase:firebase-firestore:25.0.0] AndroidManifest.xml:21:17-111
110                android:value="com.google.firebase.components.ComponentRegistrar" />
110-->[com.google.firebase:firebase-firestore:25.0.0] AndroidManifest.xml:22:17-82
111            <meta-data
111-->[com.google.firebase:firebase-storage:21.0.0] AndroidManifest.xml:30:13-32:85
112                android:name="com.google.firebase.components:com.google.firebase.storage.FirebaseStorageKtxRegistrar"
112-->[com.google.firebase:firebase-storage:21.0.0] AndroidManifest.xml:31:17-118
113                android:value="com.google.firebase.components.ComponentRegistrar" />
113-->[com.google.firebase:firebase-storage:21.0.0] AndroidManifest.xml:32:17-82
114            <meta-data
114-->[com.google.firebase:firebase-storage:21.0.0] AndroidManifest.xml:33:13-35:85
115                android:name="com.google.firebase.components:com.google.firebase.storage.StorageRegistrar"
115-->[com.google.firebase:firebase-storage:21.0.0] AndroidManifest.xml:34:17-107
116                android:value="com.google.firebase.components.ComponentRegistrar" />
116-->[com.google.firebase:firebase-storage:21.0.0] AndroidManifest.xml:35:17-82
117            <meta-data
117-->[com.google.firebase:firebase-appcheck:18.0.0] AndroidManifest.xml:25:13-27:85
118                android:name="com.google.firebase.components:com.google.firebase.appcheck.FirebaseAppCheckKtxRegistrar"
118-->[com.google.firebase:firebase-appcheck:18.0.0] AndroidManifest.xml:26:17-120
119                android:value="com.google.firebase.components.ComponentRegistrar" />
119-->[com.google.firebase:firebase-appcheck:18.0.0] AndroidManifest.xml:27:17-82
120            <meta-data
120-->[com.google.firebase:firebase-appcheck:18.0.0] AndroidManifest.xml:28:13-30:85
121                android:name="com.google.firebase.components:com.google.firebase.appcheck.FirebaseAppCheckRegistrar"
121-->[com.google.firebase:firebase-appcheck:18.0.0] AndroidManifest.xml:29:17-117
122                android:value="com.google.firebase.components.ComponentRegistrar" />
122-->[com.google.firebase:firebase-appcheck:18.0.0] AndroidManifest.xml:30:17-82
123            <meta-data
123-->[com.google.firebase:firebase-common-ktx:21.0.0] AndroidManifest.xml:12:13-14:85
124                android:name="com.google.firebase.components:com.google.firebase.ktx.FirebaseCommonLegacyRegistrar"
124-->[com.google.firebase:firebase-common-ktx:21.0.0] AndroidManifest.xml:13:17-116
125                android:value="com.google.firebase.components.ComponentRegistrar" />
125-->[com.google.firebase:firebase-common-ktx:21.0.0] AndroidManifest.xml:14:17-82
126            <meta-data
126-->[com.google.firebase:firebase-common:21.0.0] AndroidManifest.xml:35:13-37:85
127                android:name="com.google.firebase.components:com.google.firebase.FirebaseCommonKtxRegistrar"
127-->[com.google.firebase:firebase-common:21.0.0] AndroidManifest.xml:36:17-109
128                android:value="com.google.firebase.components.ComponentRegistrar" />
128-->[com.google.firebase:firebase-common:21.0.0] AndroidManifest.xml:37:17-82
129        </service>
130
131        <provider
131-->[:image_picker_android] AndroidManifest.xml:9:9-17:20
132            android:name="io.flutter.plugins.imagepicker.ImagePickerFileProvider"
132-->[:image_picker_android] AndroidManifest.xml:10:13-82
133            android:authorities="com.example.learnSphere.flutter.image_provider"
133-->[:image_picker_android] AndroidManifest.xml:11:13-74
134            android:exported="false"
134-->[:image_picker_android] AndroidManifest.xml:12:13-37
135            android:grantUriPermissions="true" >
135-->[:image_picker_android] AndroidManifest.xml:13:13-47
136            <meta-data
136-->[:image_picker_android] AndroidManifest.xml:14:13-16:75
137                android:name="android.support.FILE_PROVIDER_PATHS"
137-->[:image_picker_android] AndroidManifest.xml:15:17-67
138                android:resource="@xml/flutter_image_picker_file_paths" />
138-->[:image_picker_android] AndroidManifest.xml:16:17-72
139        </provider> <!-- Trigger Google Play services to install the backported photo picker module. -->
140        <service
140-->[:image_picker_android] AndroidManifest.xml:19:9-31:19
141            android:name="com.google.android.gms.metadata.ModuleDependencies"
141-->[:image_picker_android] AndroidManifest.xml:20:13-78
142            android:enabled="false"
142-->[:image_picker_android] AndroidManifest.xml:21:13-36
143            android:exported="false" >
143-->[:image_picker_android] AndroidManifest.xml:22:13-37
144            <intent-filter>
144-->[:image_picker_android] AndroidManifest.xml:24:13-26:29
145                <action android:name="com.google.android.gms.metadata.MODULE_DEPENDENCIES" />
145-->[:image_picker_android] AndroidManifest.xml:25:17-94
145-->[:image_picker_android] AndroidManifest.xml:25:25-91
146            </intent-filter>
147
148            <meta-data
148-->[:image_picker_android] AndroidManifest.xml:28:13-30:36
149                android:name="photopicker_activity:0:required"
149-->[:image_picker_android] AndroidManifest.xml:29:17-63
150                android:value="" />
150-->[:image_picker_android] AndroidManifest.xml:30:17-33
151        </service>
152
153        <activity
153-->[:url_launcher_android] AndroidManifest.xml:8:9-11:74
154            android:name="io.flutter.plugins.urllauncher.WebViewActivity"
154-->[:url_launcher_android] AndroidManifest.xml:9:13-74
155            android:exported="false"
155-->[:url_launcher_android] AndroidManifest.xml:10:13-37
156            android:theme="@android:style/Theme.NoTitleBar.Fullscreen" />
156-->[:url_launcher_android] AndroidManifest.xml:11:13-71
157        <activity
157-->[com.google.firebase:firebase-auth:23.0.0] AndroidManifest.xml:29:9-46:20
158            android:name="com.google.firebase.auth.internal.GenericIdpActivity"
158-->[com.google.firebase:firebase-auth:23.0.0] AndroidManifest.xml:30:13-80
159            android:excludeFromRecents="true"
159-->[com.google.firebase:firebase-auth:23.0.0] AndroidManifest.xml:31:13-46
160            android:exported="true"
160-->[com.google.firebase:firebase-auth:23.0.0] AndroidManifest.xml:32:13-36
161            android:launchMode="singleTask"
161-->[com.google.firebase:firebase-auth:23.0.0] AndroidManifest.xml:33:13-44
162            android:theme="@android:style/Theme.Translucent.NoTitleBar" >
162-->[com.google.firebase:firebase-auth:23.0.0] AndroidManifest.xml:34:13-72
163            <intent-filter>
163-->[com.google.firebase:firebase-auth:23.0.0] AndroidManifest.xml:35:13-45:29
164                <action android:name="android.intent.action.VIEW" />
164-->[com.google.firebase:firebase-auth:23.0.0] AndroidManifest.xml:36:17-69
164-->[com.google.firebase:firebase-auth:23.0.0] AndroidManifest.xml:36:25-66
165
166                <category android:name="android.intent.category.DEFAULT" />
166-->[com.google.firebase:firebase-auth:23.0.0] AndroidManifest.xml:38:17-76
166-->[com.google.firebase:firebase-auth:23.0.0] AndroidManifest.xml:38:27-73
167                <category android:name="android.intent.category.BROWSABLE" />
167-->[com.google.firebase:firebase-auth:23.0.0] AndroidManifest.xml:39:17-78
167-->[com.google.firebase:firebase-auth:23.0.0] AndroidManifest.xml:39:27-75
168
169                <data
169-->[:file_picker] AndroidManifest.xml:15:13-44
170                    android:host="firebase.auth"
171                    android:path="/"
172                    android:scheme="genericidp" />
173            </intent-filter>
174        </activity>
175        <activity
175-->[com.google.firebase:firebase-auth:23.0.0] AndroidManifest.xml:47:9-64:20
176            android:name="com.google.firebase.auth.internal.RecaptchaActivity"
176-->[com.google.firebase:firebase-auth:23.0.0] AndroidManifest.xml:48:13-79
177            android:excludeFromRecents="true"
177-->[com.google.firebase:firebase-auth:23.0.0] AndroidManifest.xml:49:13-46
178            android:exported="true"
178-->[com.google.firebase:firebase-auth:23.0.0] AndroidManifest.xml:50:13-36
179            android:launchMode="singleTask"
179-->[com.google.firebase:firebase-auth:23.0.0] AndroidManifest.xml:51:13-44
180            android:theme="@android:style/Theme.Translucent.NoTitleBar" >
180-->[com.google.firebase:firebase-auth:23.0.0] AndroidManifest.xml:52:13-72
181            <intent-filter>
181-->[com.google.firebase:firebase-auth:23.0.0] AndroidManifest.xml:53:13-63:29
182                <action android:name="android.intent.action.VIEW" />
182-->[com.google.firebase:firebase-auth:23.0.0] AndroidManifest.xml:36:17-69
182-->[com.google.firebase:firebase-auth:23.0.0] AndroidManifest.xml:36:25-66
183
184                <category android:name="android.intent.category.DEFAULT" />
184-->[com.google.firebase:firebase-auth:23.0.0] AndroidManifest.xml:38:17-76
184-->[com.google.firebase:firebase-auth:23.0.0] AndroidManifest.xml:38:27-73
185                <category android:name="android.intent.category.BROWSABLE" />
185-->[com.google.firebase:firebase-auth:23.0.0] AndroidManifest.xml:39:17-78
185-->[com.google.firebase:firebase-auth:23.0.0] AndroidManifest.xml:39:27-75
186
187                <data
187-->[:file_picker] AndroidManifest.xml:15:13-44
188                    android:host="firebase.auth"
189                    android:path="/"
190                    android:scheme="recaptcha" />
191            </intent-filter>
192        </activity>
193
194        <service
194-->[androidx.credentials:credentials-play-services-auth:1.2.0-rc01] AndroidManifest.xml:24:9-32:19
195            android:name="androidx.credentials.playservices.CredentialProviderMetadataHolder"
195-->[androidx.credentials:credentials-play-services-auth:1.2.0-rc01] AndroidManifest.xml:25:13-94
196            android:enabled="true"
196-->[androidx.credentials:credentials-play-services-auth:1.2.0-rc01] AndroidManifest.xml:26:13-35
197            android:exported="false" >
197-->[androidx.credentials:credentials-play-services-auth:1.2.0-rc01] AndroidManifest.xml:27:13-37
198            <meta-data
198-->[androidx.credentials:credentials-play-services-auth:1.2.0-rc01] AndroidManifest.xml:29:13-31:104
199                android:name="androidx.credentials.CREDENTIAL_PROVIDER_KEY"
199-->[androidx.credentials:credentials-play-services-auth:1.2.0-rc01] AndroidManifest.xml:30:17-76
200                android:value="androidx.credentials.playservices.CredentialProviderPlayServicesImpl" />
200-->[androidx.credentials:credentials-play-services-auth:1.2.0-rc01] AndroidManifest.xml:31:17-101
201        </service>
202
203        <activity
203-->[androidx.credentials:credentials-play-services-auth:1.2.0-rc01] AndroidManifest.xml:34:9-41:20
204            android:name="androidx.credentials.playservices.HiddenActivity"
204-->[androidx.credentials:credentials-play-services-auth:1.2.0-rc01] AndroidManifest.xml:35:13-76
205            android:configChanges="orientation|screenSize|screenLayout|keyboardHidden"
205-->[androidx.credentials:credentials-play-services-auth:1.2.0-rc01] AndroidManifest.xml:36:13-87
206            android:enabled="true"
206-->[androidx.credentials:credentials-play-services-auth:1.2.0-rc01] AndroidManifest.xml:37:13-35
207            android:exported="false"
207-->[androidx.credentials:credentials-play-services-auth:1.2.0-rc01] AndroidManifest.xml:38:13-37
208            android:fitsSystemWindows="true"
208-->[androidx.credentials:credentials-play-services-auth:1.2.0-rc01] AndroidManifest.xml:39:13-45
209            android:theme="@style/Theme.Hidden" >
209-->[androidx.credentials:credentials-play-services-auth:1.2.0-rc01] AndroidManifest.xml:40:13-48
210        </activity>
211
212        <provider
212-->[com.google.firebase:firebase-common:21.0.0] AndroidManifest.xml:23:9-28:39
213            android:name="com.google.firebase.provider.FirebaseInitProvider"
213-->[com.google.firebase:firebase-common:21.0.0] AndroidManifest.xml:24:13-77
214            android:authorities="com.example.learnSphere.firebaseinitprovider"
214-->[com.google.firebase:firebase-common:21.0.0] AndroidManifest.xml:25:13-72
215            android:directBootAware="true"
215-->[com.google.firebase:firebase-common:21.0.0] AndroidManifest.xml:26:13-43
216            android:exported="false"
216-->[com.google.firebase:firebase-common:21.0.0] AndroidManifest.xml:27:13-37
217            android:initOrder="100" />
217-->[com.google.firebase:firebase-common:21.0.0] AndroidManifest.xml:28:13-36
218
219        <activity
219-->[com.google.android.gms:play-services-auth:20.7.0] AndroidManifest.xml:23:9-27:75
220            android:name="com.google.android.gms.auth.api.signin.internal.SignInHubActivity"
220-->[com.google.android.gms:play-services-auth:20.7.0] AndroidManifest.xml:24:13-93
221            android:excludeFromRecents="true"
221-->[com.google.android.gms:play-services-auth:20.7.0] AndroidManifest.xml:25:13-46
222            android:exported="false"
222-->[com.google.android.gms:play-services-auth:20.7.0] AndroidManifest.xml:26:13-37
223            android:theme="@android:style/Theme.Translucent.NoTitleBar" />
223-->[com.google.android.gms:play-services-auth:20.7.0] AndroidManifest.xml:27:13-72
224        <!--
225            Service handling Google Sign-In user revocation. For apps that do not integrate with
226            Google Sign-In, this service will never be started.
227        -->
228        <service
228-->[com.google.android.gms:play-services-auth:20.7.0] AndroidManifest.xml:33:9-37:51
229            android:name="com.google.android.gms.auth.api.signin.RevocationBoundService"
229-->[com.google.android.gms:play-services-auth:20.7.0] AndroidManifest.xml:34:13-89
230            android:exported="true"
230-->[com.google.android.gms:play-services-auth:20.7.0] AndroidManifest.xml:35:13-36
231            android:permission="com.google.android.gms.auth.api.signin.permission.REVOCATION_NOTIFICATION"
231-->[com.google.android.gms:play-services-auth:20.7.0] AndroidManifest.xml:36:13-107
232            android:visibleToInstantApps="true" />
232-->[com.google.android.gms:play-services-auth:20.7.0] AndroidManifest.xml:37:13-48
233
234        <uses-library
234-->[androidx.window:window:1.2.0] AndroidManifest.xml:23:9-25:40
235            android:name="androidx.window.extensions"
235-->[androidx.window:window:1.2.0] AndroidManifest.xml:24:13-54
236            android:required="false" />
236-->[androidx.window:window:1.2.0] AndroidManifest.xml:25:13-37
237        <uses-library
237-->[androidx.window:window:1.2.0] AndroidManifest.xml:26:9-28:40
238            android:name="androidx.window.sidecar"
238-->[androidx.window:window:1.2.0] AndroidManifest.xml:27:13-51
239            android:required="false" />
239-->[androidx.window:window:1.2.0] AndroidManifest.xml:28:13-37
240
241        <provider
241-->[androidx.lifecycle:lifecycle-process:2.7.0] AndroidManifest.xml:24:9-32:20
242            android:name="androidx.startup.InitializationProvider"
242-->[androidx.lifecycle:lifecycle-process:2.7.0] AndroidManifest.xml:25:13-67
243            android:authorities="com.example.learnSphere.androidx-startup"
243-->[androidx.lifecycle:lifecycle-process:2.7.0] AndroidManifest.xml:26:13-68
244            android:exported="false" >
244-->[androidx.lifecycle:lifecycle-process:2.7.0] AndroidManifest.xml:27:13-37
245            <meta-data
245-->[androidx.lifecycle:lifecycle-process:2.7.0] AndroidManifest.xml:29:13-31:52
246                android:name="androidx.lifecycle.ProcessLifecycleInitializer"
246-->[androidx.lifecycle:lifecycle-process:2.7.0] AndroidManifest.xml:30:17-78
247                android:value="androidx.startup" />
247-->[androidx.lifecycle:lifecycle-process:2.7.0] AndroidManifest.xml:31:17-49
248            <meta-data
248-->[androidx.profileinstaller:profileinstaller:1.3.1] AndroidManifest.xml:29:13-31:52
249                android:name="androidx.profileinstaller.ProfileInstallerInitializer"
249-->[androidx.profileinstaller:profileinstaller:1.3.1] AndroidManifest.xml:30:17-85
250                android:value="androidx.startup" />
250-->[androidx.profileinstaller:profileinstaller:1.3.1] AndroidManifest.xml:31:17-49
251        </provider>
252
253        <activity
253-->[com.google.android.gms:play-services-base:18.1.0] AndroidManifest.xml:20:9-22:45
254            android:name="com.google.android.gms.common.api.GoogleApiActivity"
254-->[com.google.android.gms:play-services-base:18.1.0] AndroidManifest.xml:20:19-85
255            android:exported="false"
255-->[com.google.android.gms:play-services-base:18.1.0] AndroidManifest.xml:22:19-43
256            android:theme="@android:style/Theme.Translucent.NoTitleBar" />
256-->[com.google.android.gms:play-services-base:18.1.0] AndroidManifest.xml:21:19-78
257
258        <meta-data
258-->[com.google.android.gms:play-services-basement:18.3.0] AndroidManifest.xml:21:9-23:69
259            android:name="com.google.android.gms.version"
259-->[com.google.android.gms:play-services-basement:18.3.0] AndroidManifest.xml:22:13-58
260            android:value="@integer/google_play_services_version" />
260-->[com.google.android.gms:play-services-basement:18.3.0] AndroidManifest.xml:23:13-66
261
262        <receiver
262-->[androidx.profileinstaller:profileinstaller:1.3.1] AndroidManifest.xml:34:9-52:20
263            android:name="androidx.profileinstaller.ProfileInstallReceiver"
263-->[androidx.profileinstaller:profileinstaller:1.3.1] AndroidManifest.xml:35:13-76
264            android:directBootAware="false"
264-->[androidx.profileinstaller:profileinstaller:1.3.1] AndroidManifest.xml:36:13-44
265            android:enabled="true"
265-->[androidx.profileinstaller:profileinstaller:1.3.1] AndroidManifest.xml:37:13-35
266            android:exported="true"
266-->[androidx.profileinstaller:profileinstaller:1.3.1] AndroidManifest.xml:38:13-36
267            android:permission="android.permission.DUMP" >
267-->[androidx.profileinstaller:profileinstaller:1.3.1] AndroidManifest.xml:39:13-57
268            <intent-filter>
268-->[androidx.profileinstaller:profileinstaller:1.3.1] AndroidManifest.xml:40:13-42:29
269                <action android:name="androidx.profileinstaller.action.INSTALL_PROFILE" />
269-->[androidx.profileinstaller:profileinstaller:1.3.1] AndroidManifest.xml:41:17-91
269-->[androidx.profileinstaller:profileinstaller:1.3.1] AndroidManifest.xml:41:25-88
270            </intent-filter>
271            <intent-filter>
271-->[androidx.profileinstaller:profileinstaller:1.3.1] AndroidManifest.xml:43:13-45:29
272                <action android:name="androidx.profileinstaller.action.SKIP_FILE" />
272-->[androidx.profileinstaller:profileinstaller:1.3.1] AndroidManifest.xml:44:17-85
272-->[androidx.profileinstaller:profileinstaller:1.3.1] AndroidManifest.xml:44:25-82
273            </intent-filter>
274            <intent-filter>
274-->[androidx.profileinstaller:profileinstaller:1.3.1] AndroidManifest.xml:46:13-48:29
275                <action android:name="androidx.profileinstaller.action.SAVE_PROFILE" />
275-->[androidx.profileinstaller:profileinstaller:1.3.1] AndroidManifest.xml:47:17-88
275-->[androidx.profileinstaller:profileinstaller:1.3.1] AndroidManifest.xml:47:25-85
276            </intent-filter>
277            <intent-filter>
277-->[androidx.profileinstaller:profileinstaller:1.3.1] AndroidManifest.xml:49:13-51:29
278                <action android:name="androidx.profileinstaller.action.BENCHMARK_OPERATION" />
278-->[androidx.profileinstaller:profileinstaller:1.3.1] AndroidManifest.xml:50:17-95
278-->[androidx.profileinstaller:profileinstaller:1.3.1] AndroidManifest.xml:50:25-92
279            </intent-filter>
280        </receiver>
281    </application>
282
283</manifest>